<?xml version="1.0" encoding="UTF-8"?>
<testng-results ignored="0" total="1" passed="1" failed="0" skipped="0">
  <reporter-output>
  </reporter-output>
  <suite started-at="2023-08-16T09:22:37 EET" name="Default suite" finished-at="2023-08-16T09:26:11 EET" duration-ms="213531">
    <groups>
    </groups>
    <test started-at="2023-08-16T09:22:37 EET" name="Default test" finished-at="2023-08-16T09:26:11 EET" duration-ms="213531">
      <class name="com.omayo.centerpagetest.TextAreaFiledTest">
        <test-method is-config="true" signature="OpenPage()[pri:0, instance:com.omayo.centerpagetest.TextAreaFiledTest@72cc7e6f]" started-at="2023-08-16T09:22:39 EET" name="OpenPage" finished-at="2023-08-16T09:26:00 EET" duration-ms="200621" status="PASS">
          <reporter-output>
          </reporter-output>
        </test-method> <!-- OpenPage -->
        <test-method signature="TextAreaFiledTest()[pri:0, instance:com.omayo.centerpagetest.TextAreaFiledTest@72cc7e6f]" started-at="2023-08-16T09:26:00 EET" name="TextAreaFiledTest" finished-at="2023-08-16T09:26:09 EET" duration-ms="9181" status="PASS">
          <reporter-output>
          </reporter-output>
        </test-method> <!-- TextAreaFiledTest -->
        <test-method is-config="true" signature="Clouser()[pri:0, instance:com.omayo.centerpagetest.TextAreaFiledTest@72cc7e6f]" started-at="2023-08-16T09:26:11 EET" name="Clouser" finished-at="2023-08-16T09:26:11 EET" duration-ms="0" status="PASS">
          <reporter-output>
          </reporter-output>
        </test-method> <!-- Clouser -->
      </class> <!-- com.omayo.centerpagetest.TextAreaFiledTest -->
    </test> <!-- Default test -->
  </suite> <!-- Default suite -->
</testng-results>
